0 info it worked if it ends with ok
1 verbose cli [ 'node', '/usr/local/bin/npm', 'install' ]
2 info using npm@2.1.18
3 info using node@v0.11.15
4 verbose node symlink /Users/ony/.nodebrew/current/bin/node
5 verbose config Skipping project config: /Users/ony/.npmrc. (matches userconfig)
6 error install Couldn't read dependencies
7 verbose stack Error: ENOENT, open '/Users/ony/package.json'
7 verbose stack     at Error (native)
8 verbose cwd /Users/ony/work/MYPROJECT/sp_menu
9 error Darwin 14.1.0
10 error argv "node" "/usr/local/bin/npm" "install"
11 error node v0.11.15
12 error npm  v2.1.18
13 error path /Users/ony/package.json
14 error code ENOPACKAGEJSON
15 error errno -2
16 error package.json ENOENT, open '/Users/ony/package.json'
16 error package.json This is most likely not a problem with npm itself.
16 error package.json npm can't find a package.json file in your current directory.
17 verbose exit [ -2, true ]
